kotlin version: 2.0.21
error message: java.util.NoSuchElementException: Collection contains no element matching the predicate.
	at org.jetbrains.kotlin.fir.backend.generators.Fir2IrDataClassGeneratedMemberBodyGenerator$MyDataClassMethodsGenerator$irDataClassMembersGenerator$1.getHashCodeFunction(Fir2IrDataClassMembersGenerator.kt:382)
	at org.jetbrains.kotlin.fir.backend.generators.Fir2IrDataClassGeneratedMemberBodyGenerator$MyDataClassMethodsGenerator$irDataClassMembersGenerator$1.getHashCodeFunctionInfo(Fir2IrDataClassMembersGenerator.kt:357)
	at org.jetbrains.kotlin.ir.util.DataClassMembersGenerator.getHashCodeOf(DataClassMembersGenerator.kt:238)
	at org.jetbrains.kotlin.ir.util.DataClassMembersGenerator$MemberFunctionBuilder.getHashCodeOfProperty(DataClassMembersGenerator.kt:198)
	at org.jetbrains.kotlin.ir.util.DataClassMembersGenerator$MemberFunctionBuilder.generateHashCodeMethodBody(DataClassMembersGenerator.kt:161)
	at org.jetbrains.kotlin.ir.util.IrBasedDataClassMembersGenerator.generateHashCodeMethod(DataClassMembersGenerator.kt:319)
	at org.jetbrains.kotlin.fir.backend.generators.Fir2IrDataClassGeneratedMemberBodyGenerator$MyDataClassMethodsGenerator.generateBodies(Fir2IrDataClassMembersGenerator.kt:246)
	at org.jetbrains.kotlin.fir.backend.generators.Fir2IrDataClassGeneratedMemberBodyGenerator.generateBodiesForClassesWithSyntheticDataClassMembers(Fir2IrDataClassMembersGenerator.kt:226)
	at org.jetbrains.kotlin.fir.pipeline.Fir2IrPipeline.generateSyntheticBodiesOfDataValueMembers(convertToIr.kt:272)
	at org.jetbrains.kotlin.fir.pipeline.Fir2IrPipeline.runActualizationPipeline(convertToIr.kt:213)
	at org.jetbrains.kotlin.fir.pipeline.Fir2IrPipeline.convertToIrAndActualize(convertToIr.kt:130)
	at org.jetbrains.kotlin.fir.pipeline.ConvertToIrKt.convertToIrAndActualize(convertToIr.kt:99)
	at org.jetbrains.kotlin.fir.pipeline.ConvertToIrKt.convertToIrAndActualize$default(convertToIr.kt:72)
	at org.jetbrains.kotlin.cli.jvm.compiler.pipeline.JvmCompilerPipelineKt.convertToIrAndActualizeForJvm(jvmCompilerPipeline.kt:196)
	at org.jetbrains.kotlin.cli.jvm.compiler.pipeline.JvmCompilerPipelineKt.convertAnalyzedFirToIr(jvmCompilerPipeline.kt:169)
	at org.jetbrains.kotlin.cli.jvm.compiler.pipeline.JvmCompilerPipelineKt.compileModulesUsingFrontendIrAndLightTree(jvmCompilerPipeline.kt:140)
	at org.jetbrains.kotlin.cli.jvm.K2JVMCompiler.doExecute(K2JVMCompiler.kt:148)
	at org.jetbrains.kotlin.cli.jvm.K2JVMCompiler.doExecute(K2JVMCompiler.kt:43)
	at org.jetbrains.kotlin.cli.common.CLICompiler.execImpl(CLICompiler.kt:103)
	at org.jetbrains.kotlin.cli.common.CLICompiler.execImpl(CLICompiler.kt:49)
	at org.jetbrains.kotlin.cli.common.CLITool.exec(CLITool.kt:101)
	at org.jetbrains.kotlin.incremental.IncrementalJvmCompilerRunner.runCompiler(IncrementalJvmCompilerRunner.kt:464)
	at org.jetbrains.kotlin.incremental.IncrementalJvmCompilerRunner.runCompiler(IncrementalJvmCompilerRunner.kt:73)
	at org.jetbrains.kotlin.incremental.IncrementalCompilerRunner.doCompile(IncrementalCompilerRunner.kt:506)
	at org.jetbrains.kotlin.incremental.IncrementalCompilerRunner.compileImpl(IncrementalCompilerRunner.kt:423)
	at org.jetbrains.kotlin.incremental.IncrementalCompilerRunner.compileNonIncrementally(IncrementalCompilerRunner.kt:301)
	at org.jetbrains.kotlin.incremental.IncrementalCompilerRunner.compile(IncrementalCompilerRunner.kt:129)
	at org.jetbrains.kotlin.daemon.CompileServiceImplBase.execIncrementalCompiler(CompileServiceImpl.kt:675)
	at org.jetbrains.kotlin.daemon.CompileServiceImplBase.access$execIncrementalCompiler(CompileServiceImpl.kt:92)
	at org.jetbrains.kotlin.daemon.CompileServiceImpl.compile(CompileServiceImpl.kt:1660)
	at java.base/jdk.internal.reflect.DirectMethodHandleAccessor.invoke(Unknown Source)
	at java.base/java.lang.reflect.Method.invoke(Unknown Source)
	at java.rmi/sun.rmi.server.UnicastServerRef.dispatch(Unknown Source)
	at java.rmi/sun.rmi.transport.Transport$1.run(Unknown Source)
	at java.rmi/sun.rmi.transport.Transport$1.run(Unknown Source)
	at java.base/java.security.AccessController.doPrivileged(Unknown Source)
	at java.rmi/sun.rmi.transport.Transport.serviceCall(Unknown Source)
	at java.rmi/sun.rmi.transport.tcp.TCPTransport.handleMessages(Unknown Source)
	at java.rmi/sun.rmi.transport.tcp.TCPTransport$ConnectionHandler.run0(Unknown Source)
	at java.rmi/sun.rmi.transport.tcp.TCPTransport$ConnectionHandler.lambda$run$0(Unknown Source)
	at java.base/java.security.AccessController.doPrivileged(Unknown Source)
	at java.rmi/sun.rmi.transport.tcp.TCPTransport$ConnectionHandler.run(Unknown Source)
	at java.base/java.util.concurrent.ThreadPoolExecutor.runWorker(Unknown Source)
	at java.base/java.util.concurrent.ThreadPoolExecutor$Worker.run(Unknown Source)
	at java.base/java.lang.Thread.run(Unknown Source)


